# lattice-best-path --lm-scale=8 --word-symbol-table=exp/tri1/graph/words.txt "ark:gunzip -c exp/tri1/decode/lat.*.gz|" ark,t:exp/tri1/decode/scoring/8.tra 
# Started at Fri Jun 19 02:24:21 +03 2020
#
lattice-best-path --lm-scale=8 --word-symbol-table=exp/tri1/graph/words.txt 'ark:gunzip -c exp/tri1/decode/lat.*.gz|' ark,t:exp/tri1/decode/scoring/8.tra 
LOG (lattice-best-path[5.5.709~1-75872]:main():lattice-best-path.cc:99) For utterance mankevich-183940_2991, best cost 1192.97 + 54520.3 = 55713.3 over 547 frames.
mankevich-183940_2991 o płacz per ci iż odbędzie że instalowany są aplikacji pomoc ni czy 
LOG (lattice-best-path[5.5.709~1-75872]:main():lattice-best-path.cc:99) For utterance mankevich-183940_2992, best cost 2541.8 + 128238 = 130780 over 1323 frames.
mankevich-183940_2992 rajdach ma per pomaga automatycznie rozwiązać problemy tygodnie mi odwołaniami programów do de is ku którego oznaczenie literowe poległych zmianie na przykład z 8 na de 
LOG (lattice-best-path[5.5.709~1-75872]:main():lattice-best-path.cc:99) For utterance mankevich-183940_2993, best cost 2400.75 + 110403 = 112804 over 1110 frames.
mankevich-183940_2993 jej lub łut to narzędzie do zmiany partycji pod stojącej nie tych użytkowników tu że tylko od czasu do czasu uczy moje skorzystać z innego she staje 
LOG (lattice-best-path[5.5.709~1-75872]:main():lattice-best-path.cc:99) For utterance mankevich-183940_2994, best cost 1065.9 + 61943 = 63008.9 over 627 frames.
mankevich-183940_2994 los woli to zachować wrażenie jednolitej przestrzeni dźwiękowej wokół na 
LOG (lattice-best-path[5.5.709~1-75872]:main():lattice-best-path.cc:99) For utterance mankevich-183940_2995, best cost 2471.18 + 113485 = 115956 over 1145 frames.
mankevich-183940_2995 jedni dźwięk przemieszcza się ze jakimś uderzenie filmowym z nie będą kośćmi na przez centralny do lewego ten i może on skarby od podłogi do sufitu i skoro tym 
LOG (lattice-best-path[5.5.709~1-75872]:main():lattice-best-path.cc:99) For utterance mankevich-183940_2996, best cost 1125.49 + 48397.4 = 49522.9 over 485 frames.
mankevich-183940_2996 brak tę rest ty na jest budowa zestawów głośników do kina domowego 
LOG (lattice-best-path[5.5.709~1-75872]:main():lattice-best-path.cc:99) For utterance mankevich-183940_2997, best cost 1810.61 + 92758.3 = 94568.9 over 911 frames.
mankevich-183940_2997 zawsze jestem większe sam w for i kilka mało głośników chce tymi takie rozwiązanie jest one mieć na eklektyczną na 
LOG (lattice-best-path[5.5.709~1-75872]:main():lattice-best-path.cc:99) For utterance mankevich-183940_2998, best cost 2585.84 + 143592 = 146178 over 1458 frames.
mankevich-183940_2998 nie miesiącu na naszym go ku ze niż czarnym kolejny składnik pakietu biurowego nie oto ma racji u niech się polski arkusz kalkulacyjny i loki jeden dwa czy 
LOG (lattice-best-path[5.5.709~1-75872]:main():lattice-best-path.cc:99) For utterance mankevich-183940_2999, best cost 1508.09 + 71233.6 = 72741.6 over 747 frames.
mankevich-183940_2999 mamy nad je że nasz poradnik łatwiej zaznajomienie się z tym bogato rozbudowanym narzędzie biuro owym 
LOG (lattice-best-path[5.5.709~1-75872]:main():lattice-best-path.cc:99) For utterance mankevich-183940_3000, best cost 1434.11 + 73863.9 = 75298 over 745 frames.
mankevich-183940_3000 ulotne z jeden dwa czy o swego czas o pierwszą arkuszem kalkulacyjnym nie komputerów i ś i 
LOG (lattice-best-path[5.5.709~1-75872]:main():lattice-best-path.cc:124) Overall cost per frame is 100.744 = 1.99349 [graph] + 98.7508 [acoustic] over 9098 frames.
LOG (lattice-best-path[5.5.709~1-75872]:main():lattice-best-path.cc:128) Done 10 lattices, failed for 0
# Accounting: time=0 threads=1
# Ended (code 0) at Fri Jun 19 02:24:21 +03 2020, elapsed time 0 seconds
