# lattice-best-path --lm-scale=12 --word-symbol-table=exp/tri1/graph/words.txt "ark:gunzip -c exp/tri1/decode/lat.*.gz|" ark,t:exp/tri1/decode/scoring/12.tra 
# Started at Fri Jun 19 02:24:21 +03 2020
#
lattice-best-path --lm-scale=12 --word-symbol-table=exp/tri1/graph/words.txt 'ark:gunzip -c exp/tri1/decode/lat.*.gz|' ark,t:exp/tri1/decode/scoring/12.tra 
LOG (lattice-best-path[5.5.709~1-75872]:main():lattice-best-path.cc:99) For utterance mankevich-183940_2991, best cost 1568.76 + 54704.5 = 56273.3 over 547 frames.
mankevich-183940_2991 upływ to ci iż odbędzie że instalowany są aplikacji pomoc niczym 
LOG (lattice-best-path[5.5.709~1-75872]:main():lattice-best-path.cc:99) For utterance mankevich-183940_2992, best cost 3313.37 + 128661 = 131974 over 1323 frames.
mankevich-183940_2992 rajdach ma per pomaga automatycznie rozwiązać problemy tygodnie odwołaniami programów gdy skąd którego oznaczenie literowe poległych zmianie na przykład na de 
LOG (lattice-best-path[5.5.709~1-75872]:main():lattice-best-path.cc:99) For utterance mankevich-183940_2993, best cost 3236.65 + 110711 = 113948 over 1110 frames.
mankevich-183940_2993 ślubną to narzędzie do zmiany partycji pod stojącej nie tych użytkowników którzy tylko od czasu na czasu uczy moja skorzystać z innego się staje 
LOG (lattice-best-path[5.5.709~1-75872]:main():lattice-best-path.cc:99) For utterance mankevich-183940_2994, best cost 1598.85 + 61943 = 63541.9 over 627 frames.
mankevich-183940_2994 los woli to zachować wrażenie jednolitej przestrzeni dźwiękowej wokół na 
LOG (lattice-best-path[5.5.709~1-75872]:main():lattice-best-path.cc:99) For utterance mankevich-183940_2995, best cost 3646 + 113540 = 117186 over 1145 frames.
mankevich-183940_2995 jedni dźwięk przemieszcza się ze jakimś uderzenie filmowym nie będą kośćmi na przez centralny do lewego ten i może on skarby od podłogi do sufitu i skoro tym 
LOG (lattice-best-path[5.5.709~1-75872]:main():lattice-best-path.cc:99) For utterance mankevich-183940_2996, best cost 1552.77 + 48510.1 = 50062.9 over 485 frames.
mankevich-183940_2996 akt rest licznych jest budowa zestawów głośników do kina domowego 
LOG (lattice-best-path[5.5.709~1-75872]:main():lattice-best-path.cc:99) For utterance mankevich-183940_2997, best cost 2498.08 + 92937.6 = 95435.6 over 911 frames.
mankevich-183940_2997 zawsze jestem większe sam i kilka mało głośników się tymi takie rozwiązanie jest one mieć na eklektyczną na 
LOG (lattice-best-path[5.5.709~1-75872]:main():lattice-best-path.cc:99) For utterance mankevich-183940_2998, best cost 3772.44 + 143682 = 147455 over 1458 frames.
mankevich-183940_2998 nie miesiącu na naszym go ku ze niż czarnym kolejny składnik pakietu biurowego nie oto ma racji niech się polski arkusz kalkulacyjny i loki jeden dwa czy 
LOG (lattice-best-path[5.5.709~1-75872]:main():lattice-best-path.cc:99) For utterance mankevich-183940_2999, best cost 2208.48 + 71283.3 = 73491.8 over 747 frames.
mankevich-183940_2999 mamy nadzieją że nasz poradnik łatwiej zaznajomienie się z tym bogato rozbudowanym narzędzie biuro owym 
LOG (lattice-best-path[5.5.709~1-75872]:main():lattice-best-path.cc:99) For utterance mankevich-183940_3000, best cost 2038.72 + 73956.3 = 75995 over 745 frames.
mankevich-183940_3000 ulotne z jeden dwa czy o swego czasu pierwszą arkuszem kalkulacyjnym nie komputerów i się i 
LOG (lattice-best-path[5.5.709~1-75872]:main():lattice-best-path.cc:124) Overall cost per frame is 101.711 = 2.79557 [graph] + 98.915 [acoustic] over 9098 frames.
LOG (lattice-best-path[5.5.709~1-75872]:main():lattice-best-path.cc:128) Done 10 lattices, failed for 0
# Accounting: time=0 threads=1
# Ended (code 0) at Fri Jun 19 02:24:21 +03 2020, elapsed time 0 seconds
