# lattice-best-path --lm-scale=17 --word-symbol-table=exp/tri1/graph/words.txt "ark:gunzip -c exp/tri1/decode/lat.*.gz|" ark,t:exp/tri1/decode/scoring/17.tra 
# Started at Fri Jun 19 02:24:22 +03 2020
#
lattice-best-path --lm-scale=17 --word-symbol-table=exp/tri1/graph/words.txt 'ark:gunzip -c exp/tri1/decode/lat.*.gz|' ark,t:exp/tri1/decode/scoring/17.tra 
LOG (lattice-best-path[5.5.709~1-75872]:main():lattice-best-path.cc:99) For utterance mankevich-183940_2991, best cost 1844.83 + 55059 = 56903.8 over 547 frames.
mankevich-183940_2991 to ci szedł na instalowany są aplikacji pomoc niczym 
LOG (lattice-best-path[5.5.709~1-75872]:main():lattice-best-path.cc:99) For utterance mankevich-183940_2992, best cost 4489.49 + 128843 = 133332 over 1323 frames.
mankevich-183940_2992 rajdach ma pomaga automatycznie rozwiązać problemy tygodnie odwołaniami programów gdy skąd którego oznaczenie literowe poległych zmianie na przykład na de 
LOG (lattice-best-path[5.5.709~1-75872]:main():lattice-best-path.cc:99) For utterance mankevich-183940_2993, best cost 4344.7 + 110900 = 115245 over 1110 frames.
mankevich-183940_2993 ślubną to narzędzie do zmiany partycji pod stojącej nie tych użytkowników którzy tylko od czasu na czasu podtrzymuje skorzystać innego się staje 
LOG (lattice-best-path[5.5.709~1-75872]:main():lattice-best-path.cc:99) For utterance mankevich-183940_2994, best cost 2089.04 + 62101.5 = 64190.5 over 627 frames.
mankevich-183940_2994 woli to zachować wrażenie jednolitej przestrzeni dźwiękowej wokół na 
LOG (lattice-best-path[5.5.709~1-75872]:main():lattice-best-path.cc:99) For utterance mankevich-183940_2995, best cost 4606.25 + 114020 = 118627 over 1145 frames.
mankevich-183940_2995 jedni dźwięk przemieszcza się ze jakimś uderzenie filmowym według kośćmi przez centralny do lewego ten i może on skarby podłogi do sufitu rokiem 
LOG (lattice-best-path[5.5.709~1-75872]:main():lattice-best-path.cc:99) For utterance mankevich-183940_2996, best cost 2088.31 + 48591.8 = 50680.1 over 485 frames.
mankevich-183940_2996 aktor jesteś na jest budowa zestawów głośników do kina domowego 
LOG (lattice-best-path[5.5.709~1-75872]:main():lattice-best-path.cc:99) For utterance mankevich-183940_2997, best cost 3391 + 93051.3 = 96442.3 over 911 frames.
mankevich-183940_2997 zawsze jestem większe sam i kilka mało głośników się tym takie rozwiązanie jest one mieć na eklektyczną 
LOG (lattice-best-path[5.5.709~1-75872]:main():lattice-best-path.cc:99) For utterance mankevich-183940_2998, best cost 5260.07 + 143747 = 149007 over 1458 frames.
mankevich-183940_2998 nie miesiącu na naszym go ku ze niż czarnym kolejny składnik pakietu biurowego nie oto ma racji wersji polski arkusz kalkulacyjny i loki jeden dwa czy 
LOG (lattice-best-path[5.5.709~1-75872]:main():lattice-best-path.cc:99) For utterance mankevich-183940_2999, best cost 3041.71 + 71352.6 = 74394.3 over 747 frames.
mankevich-183940_2999 mamy nadzieją że nasz poradnik łatwiej zaznajomienie się z tym bogato rozbudowanym narzędzie nie owym 
LOG (lattice-best-path[5.5.709~1-75872]:main():lattice-best-path.cc:99) For utterance mankevich-183940_3000, best cost 2793.38 + 74041.3 = 76834.7 over 745 frames.
mankevich-183940_3000 ulotne z jeden dwa czy o swego czasu pierwszą arkuszem kalkulacyjnym nie komputerów i się 
LOG (lattice-best-path[5.5.709~1-75872]:main():lattice-best-path.cc:124) Overall cost per frame is 102.842 = 3.73145 [graph] + 99.1105 [acoustic] over 9098 frames.
LOG (lattice-best-path[5.5.709~1-75872]:main():lattice-best-path.cc:128) Done 10 lattices, failed for 0
# Accounting: time=0 threads=1
# Ended (code 0) at Fri Jun 19 02:24:22 +03 2020, elapsed time 0 seconds
