# lattice-best-path --lm-scale=11 --word-symbol-table=exp/tri1/graph/words.txt "ark:gunzip -c exp/tri1/decode/lat.*.gz|" ark,t:exp/tri1/decode/scoring/11.tra 
# Started at Fri Jun 19 02:24:21 +03 2020
#
lattice-best-path --lm-scale=11 --word-symbol-table=exp/tri1/graph/words.txt 'ark:gunzip -c exp/tri1/decode/lat.*.gz|' ark,t:exp/tri1/decode/scoring/11.tra 
LOG (lattice-best-path[5.5.709~1-75872]:main():lattice-best-path.cc:99) For utterance mankevich-183940_2991, best cost 1438.03 + 54704.5 = 56142.6 over 547 frames.
mankevich-183940_2991 upływ to ci iż odbędzie że instalowany są aplikacji pomoc niczym 
LOG (lattice-best-path[5.5.709~1-75872]:main():lattice-best-path.cc:99) For utterance mankevich-183940_2992, best cost 3121.57 + 128569 = 131690 over 1323 frames.
mankevich-183940_2992 rajdach ma per pomaga automatycznie rozwiązać problemy tygodnie mi odwołaniami programów gdy skąd którego oznaczenie literowe poległych zmianie na przykład na de 
LOG (lattice-best-path[5.5.709~1-75872]:main():lattice-best-path.cc:99) For utterance mankevich-183940_2993, best cost 2966.93 + 110711 = 113678 over 1110 frames.
mankevich-183940_2993 ślubną to narzędzie do zmiany partycji pod stojącej nie tych użytkowników którzy tylko od czasu na czasu uczy moja skorzystać z innego się staje 
LOG (lattice-best-path[5.5.709~1-75872]:main():lattice-best-path.cc:99) For utterance mankevich-183940_2994, best cost 1465.62 + 61943 = 63408.6 over 627 frames.
mankevich-183940_2994 los woli to zachować wrażenie jednolitej przestrzeni dźwiękowej wokół na 
LOG (lattice-best-path[5.5.709~1-75872]:main():lattice-best-path.cc:99) For utterance mankevich-183940_2995, best cost 3342.17 + 113540 = 116882 over 1145 frames.
mankevich-183940_2995 jedni dźwięk przemieszcza się ze jakimś uderzenie filmowym nie będą kośćmi na przez centralny do lewego ten i może on skarby od podłogi do sufitu i skoro tym 
LOG (lattice-best-path[5.5.709~1-75872]:main():lattice-best-path.cc:99) For utterance mankevich-183940_2996, best cost 1470.68 + 48460.5 = 49931.2 over 485 frames.
mankevich-183940_2996 aktor 8 styl na jest budowa zestawów głośników do kina domowego 
LOG (lattice-best-path[5.5.709~1-75872]:main():lattice-best-path.cc:99) For utterance mankevich-183940_2997, best cost 2289.9 + 92937.6 = 95227.5 over 911 frames.
mankevich-183940_2997 zawsze jestem większe sam i kilka mało głośników się tymi takie rozwiązanie jest one mieć na eklektyczną na 
LOG (lattice-best-path[5.5.709~1-75872]:main():lattice-best-path.cc:99) For utterance mankevich-183940_2998, best cost 3458.07 + 143682 = 147140 over 1458 frames.
mankevich-183940_2998 nie miesiącu na naszym go ku ze niż czarnym kolejny składnik pakietu biurowego nie oto ma racji niech się polski arkusz kalkulacyjny i loki jeden dwa czy 
LOG (lattice-best-path[5.5.709~1-75872]:main():lattice-best-path.cc:99) For utterance mankevich-183940_2999, best cost 2073.62 + 71233.6 = 73307.2 over 747 frames.
mankevich-183940_2999 mamy nad je że nasz poradnik łatwiej zaznajomienie się z tym bogato rozbudowanym narzędzie biuro owym 
LOG (lattice-best-path[5.5.709~1-75872]:main():lattice-best-path.cc:99) For utterance mankevich-183940_3000, best cost 1868.83 + 73956.3 = 75825.1 over 745 frames.
mankevich-183940_3000 ulotne z jeden dwa czy o swego czasu pierwszą arkuszem kalkulacyjnym nie komputerów i się i 
LOG (lattice-best-path[5.5.709~1-75872]:main():lattice-best-path.cc:124) Overall cost per frame is 101.476 = 2.58248 [graph] + 98.894 [acoustic] over 9098 frames.
LOG (lattice-best-path[5.5.709~1-75872]:main():lattice-best-path.cc:128) Done 10 lattices, failed for 0
# Accounting: time=0 threads=1
# Ended (code 0) at Fri Jun 19 02:24:21 +03 2020, elapsed time 0 seconds
