# lattice-best-path --lm-scale=14 --word-symbol-table=exp/tri1/graph/words.txt "ark:gunzip -c exp/tri1/decode/lat.*.gz|" ark,t:exp/tri1/decode/scoring/14.tra 
# Started at Fri Jun 19 02:24:22 +03 2020
#
lattice-best-path --lm-scale=14 --word-symbol-table=exp/tri1/graph/words.txt 'ark:gunzip -c exp/tri1/decode/lat.*.gz|' ark,t:exp/tri1/decode/scoring/14.tra 
LOG (lattice-best-path[5.5.709~1-75872]:main():lattice-best-path.cc:99) For utterance mankevich-183940_2991, best cost 1830.22 + 54704.5 = 56534.7 over 547 frames.
mankevich-183940_2991 upływ to ci iż odbędzie że instalowany są aplikacji pomoc niczym 
LOG (lattice-best-path[5.5.709~1-75872]:main():lattice-best-path.cc:99) For utterance mankevich-183940_2992, best cost 3865.6 + 128661 = 132526 over 1323 frames.
mankevich-183940_2992 rajdach ma per pomaga automatycznie rozwiązać problemy tygodnie odwołaniami programów gdy skąd którego oznaczenie literowe poległych zmianie na przykład na de 
LOG (lattice-best-path[5.5.709~1-75872]:main():lattice-best-path.cc:99) For utterance mankevich-183940_2993, best cost 3698.45 + 110780 = 114478 over 1110 frames.
mankevich-183940_2993 ślubną to narzędzie do zmiany partycji pod stojącej nie tych użytkowników którzy tylko od czasu na czasu uczy moja skorzystać innego się staje 
LOG (lattice-best-path[5.5.709~1-75872]:main():lattice-best-path.cc:99) For utterance mankevich-183940_2994, best cost 1865.33 + 61943 = 63808.3 over 627 frames.
mankevich-183940_2994 los woli to zachować wrażenie jednolitej przestrzeni dźwiękowej wokół na 
LOG (lattice-best-path[5.5.709~1-75872]:main():lattice-best-path.cc:99) For utterance mankevich-183940_2995, best cost 4163.52 + 113628 = 117792 over 1145 frames.
mankevich-183940_2995 jedni dźwięk przemieszcza się ze jakimś uderzenie filmowym nie będą kośćmi przez centralny do lewego ten i może on skarby od podłogi do sufitu i skoro tym 
LOG (lattice-best-path[5.5.709~1-75872]:main():lattice-best-path.cc:99) For utterance mankevich-183940_2996, best cost 1719.79 + 48591.8 = 50311.5 over 485 frames.
mankevich-183940_2996 aktor jesteś na jest budowa zestawów głośników do kina domowego 
LOG (lattice-best-path[5.5.709~1-75872]:main():lattice-best-path.cc:99) For utterance mankevich-183940_2997, best cost 2792.59 + 93051.3 = 95843.9 over 911 frames.
mankevich-183940_2997 zawsze jestem większe sam i kilka mało głośników się tym takie rozwiązanie jest one mieć na eklektyczną 
LOG (lattice-best-path[5.5.709~1-75872]:main():lattice-best-path.cc:99) For utterance mankevich-183940_2998, best cost 4331.82 + 143747 = 148078 over 1458 frames.
mankevich-183940_2998 nie miesiącu na naszym go ku ze niż czarnym kolejny składnik pakietu biurowego nie oto ma racji wersji polski arkusz kalkulacyjny i loki jeden dwa czy 
LOG (lattice-best-path[5.5.709~1-75872]:main():lattice-best-path.cc:99) For utterance mankevich-183940_2999, best cost 2504.94 + 71352.6 = 73857.6 over 747 frames.
mankevich-183940_2999 mamy nadzieją że nasz poradnik łatwiej zaznajomienie się z tym bogato rozbudowanym narzędzie nie owym 
LOG (lattice-best-path[5.5.709~1-75872]:main():lattice-best-path.cc:99) For utterance mankevich-183940_3000, best cost 2378.51 + 73956.3 = 76334.8 over 745 frames.
mankevich-183940_3000 ulotne z jeden dwa czy o swego czasu pierwszą arkuszem kalkulacyjnym nie komputerów i się i 
LOG (lattice-best-path[5.5.709~1-75872]:main():lattice-best-path.cc:124) Overall cost per frame is 102.172 = 3.20408 [graph] + 98.9684 [acoustic] over 9098 frames.
LOG (lattice-best-path[5.5.709~1-75872]:main():lattice-best-path.cc:128) Done 10 lattices, failed for 0
# Accounting: time=0 threads=1
# Ended (code 0) at Fri Jun 19 02:24:22 +03 2020, elapsed time 0 seconds
