# lattice-best-path --lm-scale=12 --word-symbol-table=exp/mono/graph/words.txt "ark:gunzip -c exp/mono/decode/lat.*.gz|" ark,t:exp/mono/decode/scoring/12.tra 
# Started at Fri Jun 19 02:22:26 +03 2020
#
lattice-best-path --lm-scale=12 --word-symbol-table=exp/mono/graph/words.txt 'ark:gunzip -c exp/mono/decode/lat.*.gz|' ark,t:exp/mono/decode/scoring/12.tra 
LOG (lattice-best-path[5.5.709~1-75872]:main():lattice-best-path.cc:99) For utterance mankevich-183940_2991, best cost 1421.47 + 55601.3 = 57022.8 over 547 frames.
mankevich-183940_2991 płacz płacisz jednej że instalowany słów aplikacji pomoc niczym 
LOG (lattice-best-path[5.5.709~1-75872]:main():lattice-best-path.cc:99) For utterance mankevich-183940_2992, best cost 3338.7 + 130944 = 134283 over 1323 frames.
mankevich-183940_2992 tyran na tak pomaga automatycznie rozwiązać problemy bodaj nie odwołaniami programów deskę którego oznaczenie literowe uległo ziemianie na przykład zyskały nad je 
LOG (lattice-best-path[5.5.709~1-75872]:main():lattice-best-path.cc:99) For utterance mankevich-183940_2993, best cost 2954.46 + 112045 = 115000 over 1110 frames.
mankevich-183940_2993 i sił bunt to narzędzie do zmiany prawicy bootującej litych użytkowników którzy tylko czasu do czasu potrzebują korzyści z na gestem 
LOG (lattice-best-path[5.5.709~1-75872]:main():lattice-best-path.cc:99) For utterance mankevich-183940_2994, best cost 1404.05 + 63061.4 = 64465.4 over 627 frames.
mankevich-183940_2994 w symbole poza choć wrażenie jednolitej przestrzeni dźwiękowej nas 
LOG (lattice-best-path[5.5.709~1-75872]:main():lattice-best-path.cc:99) For utterance mankevich-183940_2995, best cost 3120.19 + 115263 = 118383 over 1145 frames.
mankevich-183940_2995 jedynie przemieszcza się z jakimś wydarzeniem filmowym z lewego głośników przysypanie do lewego tymi może on wskazać podłogi do sufitu skoro tym 
LOG (lattice-best-path[5.5.709~1-75872]:main():lattice-best-path.cc:99) For utterance mankevich-183940_2996, best cost 1317.47 + 49420 = 50737.4 over 485 frames.
mankevich-183940_2996 artystycznych jest bo do zestawów głośników do kina domowego 
LOG (lattice-best-path[5.5.709~1-75872]:main():lattice-best-path.cc:99) For utterance mankevich-183940_2997, best cost 2052.51 + 93811.9 = 95864.4 over 911 frames.
mankevich-183940_2997 zawsze jest większy synów i kilkoma głośników czytelników takie rozwiązanie jest ekonomiczne idiotyczny 
LOG (lattice-best-path[5.5.709~1-75872]:main():lattice-best-path.cc:99) For utterance mankevich-183940_2998, best cost 3454.64 + 145119 = 148574 over 1458 frames.
mankevich-183940_2998 inni 80 syna naszym krążku zamieszczamy kolejny składnik pakietu biurowego wiatr syn akcją nie się polski arkusz kalkulacyjny jak nas jeden dwa czyli 
LOG (lattice-best-path[5.5.709~1-75872]:main():lattice-best-path.cc:99) For utterance mankevich-183940_2999, best cost 1920.6 + 72770.4 = 74691 over 747 frames.
mankevich-183940_2999 mamy nadzieją że na szpad ułatwi zaznajomienie się tym bogato rozbudowanym narzędziem grodom 
LOG (lattice-best-path[5.5.709~1-75872]:main():lattice-best-path.cc:99) For utterance mankevich-183940_3000, best cost 1839.99 + 75012.7 = 76852.7 over 745 frames.
mankevich-183940_3000 lata z jeden badaczy własnego czasu pierwszym arkuszem kalkulacyjnym i komputerach piersi 
LOG (lattice-best-path[5.5.709~1-75872]:main():lattice-best-path.cc:124) Overall cost per frame is 102.866 = 2.50869 [graph] + 100.357 [acoustic] over 9098 frames.
LOG (lattice-best-path[5.5.709~1-75872]:main():lattice-best-path.cc:128) Done 10 lattices, failed for 0
# Accounting: time=0 threads=1
# Ended (code 0) at Fri Jun 19 02:22:26 +03 2020, elapsed time 0 seconds
