# lattice-best-path --lm-scale=17 --word-symbol-table=exp/mono/graph/words.txt "ark:gunzip -c exp/mono/decode/lat.*.gz|" ark,t:exp/mono/decode/scoring/17.tra 
# Started at Fri Jun 19 02:22:26 +03 2020
#
lattice-best-path --lm-scale=17 --word-symbol-table=exp/mono/graph/words.txt 'ark:gunzip -c exp/mono/decode/lat.*.gz|' ark,t:exp/mono/decode/scoring/17.tra 
LOG (lattice-best-path[5.5.709~1-75872]:main():lattice-best-path.cc:99) For utterance mankevich-183940_2991, best cost 1826.49 + 55752.6 = 57579 over 547 frames.
mankevich-183940_2991 postaci szanują że instalowany są aplikacji pomoc niczym 
LOG (lattice-best-path[5.5.709~1-75872]:main():lattice-best-path.cc:99) For utterance mankevich-183940_2992, best cost 4163.24 + 131399 = 135562 over 1323 frames.
mankevich-183940_2992 dawna to pomaga automatycznie rozwiązać problemy udowodnienie odwołaniami programów deskę którego oznaczenie literowe uległo ziemianie przekazywał nadal 
LOG (lattice-best-path[5.5.709~1-75872]:main():lattice-best-path.cc:99) For utterance mankevich-183940_2993, best cost 3895.26 + 112277 = 116173 over 1110 frames.
mankevich-183940_2993 i sił bunt to narzędzie doznań napastnicy bootującej litych użytkowników którzy tylko czasu do czasu poszło wykorzystywane gestem 
LOG (lattice-best-path[5.5.709~1-75872]:main():lattice-best-path.cc:99) For utterance mankevich-183940_2994, best cost 1913.93 + 63117.5 = 65031.4 over 627 frames.
mankevich-183940_2994 symbole poza choć wrażenie jednolitej przestrzeni dźwiękowej nas 
LOG (lattice-best-path[5.5.709~1-75872]:main():lattice-best-path.cc:99) For utterance mankevich-183940_2995, best cost 3973.41 + 115618 = 119592 over 1145 frames.
mankevich-183940_2995 jedynie przemieszcza się z jakimś wydarzeniem filmowym lewego głośników przysypanie duchowego tymi może ostateczna podłogi do sufitu potem 
LOG (lattice-best-path[5.5.709~1-75872]:main():lattice-best-path.cc:99) For utterance mankevich-183940_2996, best cost 1866.41 + 49420 = 51286.4 over 485 frames.
mankevich-183940_2996 artystycznych jest bo do zestawów głośników do kina domowego 
LOG (lattice-best-path[5.5.709~1-75872]:main():lattice-best-path.cc:99) For utterance mankevich-183940_2997, best cost 2806.65 + 93894.8 = 96701.4 over 911 frames.
mankevich-183940_2997 zawsze jest większy synów kilkoma głośników czytelników takie rozwiązanie jest ekonomiczne idiotyczny 
LOG (lattice-best-path[5.5.709~1-75872]:main():lattice-best-path.cc:99) For utterance mankevich-183940_2998, best cost 4333 + 145551 = 149884 over 1458 frames.
mankevich-183940_2998 i myślą na naszego zamieszczamy kolejny składnik pakietu biurowego jak wyznawców- nie się polski arkusz kalkulacyjny jak jeden dwa czyli 
LOG (lattice-best-path[5.5.709~1-75872]:main():lattice-best-path.cc:99) For utterance mankevich-183940_2999, best cost 2720.86 + 72770.4 = 75491.2 over 747 frames.
mankevich-183940_2999 mamy nadzieją że na szpad ułatwi zaznajomienie się tym bogato rozbudowanym narzędziem grodom 
LOG (lattice-best-path[5.5.709~1-75872]:main():lattice-best-path.cc:99) For utterance mankevich-183940_3000, best cost 2494.65 + 75101.2 = 77595.9 over 745 frames.
mankevich-183940_3000 lata segmentach czy własnego czasu pierwszym arkuszem kalkulacyjnym i komputerach piersi 
LOG (lattice-best-path[5.5.709~1-75872]:main():lattice-best-path.cc:124) Overall cost per frame is 103.858 = 3.29676 [graph] + 100.561 [acoustic] over 9098 frames.
LOG (lattice-best-path[5.5.709~1-75872]:main():lattice-best-path.cc:128) Done 10 lattices, failed for 0
# Accounting: time=0 threads=1
# Ended (code 0) at Fri Jun 19 02:22:26 +03 2020, elapsed time 0 seconds
