# lattice-best-path --lm-scale=15 --word-symbol-table=exp/mono/graph/words.txt "ark:gunzip -c exp/mono/decode/lat.*.gz|" ark,t:exp/mono/decode/scoring/15.tra 
# Started at Fri Jun 19 02:22:26 +03 2020
#
lattice-best-path --lm-scale=15 --word-symbol-table=exp/mono/graph/words.txt 'ark:gunzip -c exp/mono/decode/lat.*.gz|' ark,t:exp/mono/decode/scoring/15.tra 
LOG (lattice-best-path[5.5.709~1-75872]:main():lattice-best-path.cc:99) For utterance mankevich-183940_2991, best cost 1636.64 + 55724.9 = 57361.6 over 547 frames.
mankevich-183940_2991 postaci szanują że instalowany słów aplikacji pomoc niczym 
LOG (lattice-best-path[5.5.709~1-75872]:main():lattice-best-path.cc:99) For utterance mankevich-183940_2992, best cost 3831.45 + 131233 = 135064 over 1323 frames.
mankevich-183940_2992 dawna to pomaga automatycznie rozwiązać problemy bodaj nie odwołaniami programów deskę którego oznaczenie literowe uległo ziemianie przykład a nadal 
LOG (lattice-best-path[5.5.709~1-75872]:main():lattice-best-path.cc:99) For utterance mankevich-183940_2993, best cost 3436.99 + 112277 = 115714 over 1110 frames.
mankevich-183940_2993 i sił bunt to narzędzie doznań napastnicy bootującej litych użytkowników którzy tylko czasu do czasu poszło wykorzystywane gestem 
LOG (lattice-best-path[5.5.709~1-75872]:main():lattice-best-path.cc:99) For utterance mankevich-183940_2994, best cost 1688.76 + 63117.5 = 64806.3 over 627 frames.
mankevich-183940_2994 symbole poza choć wrażenie jednolitej przestrzeni dźwiękowej nas 
LOG (lattice-best-path[5.5.709~1-75872]:main():lattice-best-path.cc:99) For utterance mankevich-183940_2995, best cost 3505.95 + 115618 = 119124 over 1145 frames.
mankevich-183940_2995 jedynie przemieszcza się z jakimś wydarzeniem filmowym lewego głośników przysypanie duchowego tymi może ostateczna podłogi do sufitu potem 
LOG (lattice-best-path[5.5.709~1-75872]:main():lattice-best-path.cc:99) For utterance mankevich-183940_2996, best cost 1646.84 + 49420 = 51066.8 over 485 frames.
mankevich-183940_2996 artystycznych jest bo do zestawów głośników do kina domowego 
LOG (lattice-best-path[5.5.709~1-75872]:main():lattice-best-path.cc:99) For utterance mankevich-183940_2997, best cost 2476.45 + 93894.8 = 96371.2 over 911 frames.
mankevich-183940_2997 zawsze jest większy synów kilkoma głośników czytelników takie rozwiązanie jest ekonomiczne idiotyczny 
LOG (lattice-best-path[5.5.709~1-75872]:main():lattice-best-path.cc:99) For utterance mankevich-183940_2998, best cost 3900.01 + 145467 = 149367 over 1458 frames.
mankevich-183940_2998 i myślą na naszym krążku zamieszczamy kolejny składnik pakietu biurowego jak wyznawców- nie się polski arkusz kalkulacyjny jak jeden dwa czyli 
LOG (lattice-best-path[5.5.709~1-75872]:main():lattice-best-path.cc:99) For utterance mankevich-183940_2999, best cost 2400.75 + 72770.4 = 75171.1 over 747 frames.
mankevich-183940_2999 mamy nadzieją że na szpad ułatwi zaznajomienie się tym bogato rozbudowanym narzędziem grodom 
LOG (lattice-best-path[5.5.709~1-75872]:main():lattice-best-path.cc:99) For utterance mankevich-183940_3000, best cost 2201.16 + 75101.2 = 77302.4 over 745 frames.
mankevich-183940_3000 lata segmentach czy własnego czasu pierwszym arkuszem kalkulacyjnym i komputerach piersi 
LOG (lattice-best-path[5.5.709~1-75872]:main():lattice-best-path.cc:124) Overall cost per frame is 103.468 = 2.93746 [graph] + 100.53 [acoustic] over 9098 frames.
LOG (lattice-best-path[5.5.709~1-75872]:main():lattice-best-path.cc:128) Done 10 lattices, failed for 0
# Accounting: time=0 threads=1
# Ended (code 0) at Fri Jun 19 02:22:26 +03 2020, elapsed time 0 seconds
