# gunzip -c exp/tri1/decode/depth_stats_tmp.*.gz | steps/diagnostic/analyze_lattice_depth_stats.py exp/tri1/graph 
# Started at Fri Jun 19 02:24:21 +03 2020
#
The total amount of data analyzed assuming 100 frames per second is 0.0 hours
Overall, lattice depth (10,50,90-percentile)=(1,5,20) and mean=8.0
Nonsilence phones as a group account for 82.0% of frames, with lattice depth (10,50,90-percentile)=(1,4,15) and mean=6.8
Phone sil accounts for 18.0% of frames, with lattice depth (10,50,90-percentile)=(1,8,37) and mean=13.3
Phone a_I accounts for 5.3% of frames, with lattice depth (10,50,90-percentile)=(1,3,8) and mean=4.2
Phone o_I accounts for 3.9% of frames, with lattice depth (10,50,90-percentile)=(1,3,23) and mean=8.7
Phone e_I accounts for 3.4% of frames, with lattice depth (10,50,90-percentile)=(1,3,8) and mean=5.1
Phone n_I accounts for 3.0% of frames, with lattice depth (10,50,90-percentile)=(1,2,9) and mean=4.7
Phone i_I accounts for 2.9% of frames, with lattice depth (10,50,90-percentile)=(1,2,19) and mean=7.4
Phone k_I accounts for 2.9% of frames, with lattice depth (10,50,90-percentile)=(1,2,21) and mean=6.9
Phone t_I accounts for 2.9% of frames, with lattice depth (10,50,90-percentile)=(1,3,14) and mean=5.4
Phone e_E accounts for 2.3% of frames, with lattice depth (10,50,90-percentile)=(1,5,13) and mean=7.1
Phone n_B accounts for 1.8% of frames, with lattice depth (10,50,90-percentile)=(1,5,27) and mean=9.0
Phone p_B accounts for 1.7% of frames, with lattice depth (10,50,90-percentile)=(1,5,16) and mean=7.7
Phone l_I accounts for 1.7% of frames, with lattice depth (10,50,90-percentile)=(1,2,6) and mean=4.7
Phone v_I accounts for 1.7% of frames, with lattice depth (10,50,90-percentile)=(1,2,7) and mean=3.5
Phone s_B accounts for 1.6% of frames, with lattice depth (10,50,90-percentile)=(1,9,34) and mean=11.8
Phone a_E accounts for 1.6% of frames, with lattice depth (10,50,90-percentile)=(1,4,16) and mean=7.0
Phone o_E accounts for 1.5% of frames, with lattice depth (10,50,90-percentile)=(1,6,10) and mean=6.0
Phone m_I accounts for 1.5% of frames, with lattice depth (10,50,90-percentile)=(1,2,7) and mean=3.7
Phone c_I accounts for 1.5% of frames, with lattice depth (10,50,90-percentile)=(1,3,6) and mean=3.2
Phone i2_I accounts for 1.5% of frames, with lattice depth (10,50,90-percentile)=(1,4,21) and mean=7.1
Phone u_I accounts for 1.5% of frames, with lattice depth (10,50,90-percentile)=(1,3,9) and mean=4.1
Phone j_B accounts for 1.4% of frames, with lattice depth (10,50,90-percentile)=(2,6,8) and mean=5.7
Phone S_I accounts for 1.4% of frames, with lattice depth (10,50,90-percentile)=(1,1,6) and mean=2.7
Phone r_I accounts for 1.3% of frames, with lattice depth (10,50,90-percentile)=(1,3,12) and mean=5.1
Phone d_I accounts for 1.2% of frames, with lattice depth (10,50,90-percentile)=(1,6,27) and mean=8.6
Phone s_I accounts for 1.2% of frames, with lattice depth (10,50,90-percentile)=(1,6,14) and mean=7.0
Phone i2_E accounts for 1.2% of frames, with lattice depth (10,50,90-percentile)=(1,6,19) and mean=8.3
Phone g_I accounts for 1.2% of frames, with lattice depth (10,50,90-percentile)=(1,2,8) and mean=5.3
Phone eo5_I accounts for 1.2% of frames, with lattice depth (10,50,90-percentile)=(1,5,27) and mean=8.1
Phone tS_B accounts for 1.1% of frames, with lattice depth (10,50,90-percentile)=(1,6,16) and mean=5.8
Phone i_E accounts for 1.1% of frames, with lattice depth (10,50,90-percentile)=(2,5,32) and mean=13.3
Phone m_E accounts for 1.1% of frames, with lattice depth (10,50,90-percentile)=(1,3,26) and mean=10.4
Phone tS_I accounts for 1.0% of frames, with lattice depth (10,50,90-percentile)=(1,4,12) and mean=4.5
Phone Z_I accounts for 1.0% of frames, with lattice depth (10,50,90-percentile)=(1,2,13) and mean=4.7
Phone sj_B accounts for 1.0% of frames, with lattice depth (10,50,90-percentile)=(1,6,27) and mean=7.8
Phone t_B accounts for 0.9% of frames, with lattice depth (10,50,90-percentile)=(2,4,21) and mean=8.9
Phone d_B accounts for 0.9% of frames, with lattice depth (10,50,90-percentile)=(2,6,8) and mean=4.9
Phone z_B accounts for 0.9% of frames, with lattice depth (10,50,90-percentile)=(1,2,12) and mean=3.6
Phone m_B accounts for 0.9% of frames, with lattice depth (10,50,90-percentile)=(5,12,23) and mean=12.8
Phone k_B accounts for 0.9% of frames, with lattice depth (10,50,90-percentile)=(1,3,17) and mean=8.7
Phone j_I accounts for 0.8% of frames, with lattice depth (10,50,90-percentile)=(1,3,12) and mean=5.7
Phone o_B accounts for 0.8% of frames, with lattice depth (10,50,90-percentile)=(1,9,31) and mean=10.2
Phone z_I accounts for 0.7% of frames, with lattice depth (10,50,90-percentile)=(1,1,6) and mean=3.6
Phone w_I accounts for 0.7% of frames, with lattice depth (10,50,90-percentile)=(1,3,10) and mean=3.6
Phone v_E accounts for 0.6% of frames, with lattice depth (10,50,90-percentile)=(1,2,7) and mean=3.4
Phone oc5_I accounts for 0.6% of frames, with lattice depth (10,50,90-percentile)=(1,3,7) and mean=4.3
Phone S_E accounts for 0.6% of frames, with lattice depth (10,50,90-percentile)=(1,2,13) and mean=5.3
Phone i_S accounts for 0.5% of frames, with lattice depth (10,50,90-percentile)=(4,9,42) and mean=17.1
Phone a_B accounts for 0.5% of frames, with lattice depth (10,50,90-percentile)=(1,3,13) and mean=6.3
# Accounting: time=0 threads=1
# Ended (code 0) at Fri Jun 19 02:24:21 +03 2020, elapsed time 0 seconds
