# build-tree --verbose=1 --max-leaves=2000 --cluster-thresh=-1 exp/tri1/treeacc data/lang/phones/roots.int exp/tri1/questions.qst data/lang/topo exp/tri1/tree 
# Started at Fri Jun 19 02:22:40 +03 2020
#
build-tree --verbose=1 --max-leaves=2000 --cluster-thresh=-1 exp/tri1/treeacc data/lang/phones/roots.int exp/tri1/questions.qst data/lang/topo exp/tri1/tree 
LOG (build-tree[5.5.709~1-75872]:main():build-tree.cc:104) Number of separate statistics is 34630
LOG (build-tree[5.5.709~1-75872]:BuildTree():build-tree.cc:161) BuildTree: before building trees, map has 38 leaves.
LOG (build-tree[5.5.709~1-75872]:SplitDecisionTree():build-tree-utils.cc:577) DoDecisionTreeSplit: split 1515 times, #leaves now 1553
LOG (build-tree[5.5.709~1-75872]:BuildTree():build-tree.cc:187) Setting clustering threshold to smallest split 300.176
VLOG[1] (build-tree[5.5.709~1-75872]:BuildTree():build-tree.cc:196) After decision tree split, num-leaves = 1553, like-impr = 4.42373 per frame over 799069 frames.
VLOG[1] (build-tree[5.5.709~1-75872]:BuildTree():build-tree.cc:200) Including just phones that were split, improvement is 4.42373 per frame over 799069 frames.
LOG (build-tree[5.5.709~1-75872]:BuildTree():build-tree.cc:215) BuildTree: removed 355 leaves.
VLOG[1] (build-tree[5.5.709~1-75872]:ClusterEventMapToNClustersRestrictedByMap():build-tree-utils.cc:914) Number of non-empty clusters in map = 38
VLOG[1] (build-tree[5.5.709~1-75872]:ClusterEventMapToNClustersRestrictedByMap():build-tree-utils.cc:915) Number of non-empty clusters = 1198
LOG (build-tree[5.5.709~1-75872]:BuildTree():build-tree.cc:231) BuildTree: Rounded num leaves to multiple of 8 by removing 6 leaves.
VLOG[1] (build-tree[5.5.709~1-75872]:BuildTree():build-tree.cc:256) Objf change due to clustering -0.0982944 per frame.
VLOG[1] (build-tree[5.5.709~1-75872]:BuildTree():build-tree.cc:259) Normalizing over only split phones, this is: -0.0982944 per frame.
VLOG[1] (build-tree[5.5.709~1-75872]:BuildTree():build-tree.cc:262) Num-leaves is now 1192
VLOG[1] (build-tree[5.5.709~1-75872]:main():build-tree.cc:143) For pdf-id 9, low count 22
VLOG[1] (build-tree[5.5.709~1-75872]:main():build-tree.cc:143) For pdf-id 17, low count 67
VLOG[1] (build-tree[5.5.709~1-75872]:main():build-tree.cc:143) For pdf-id 26, low count 79
VLOG[1] (build-tree[5.5.709~1-75872]:main():build-tree.cc:143) For pdf-id 62, low count 38
VLOG[1] (build-tree[5.5.709~1-75872]:main():build-tree.cc:143) For pdf-id 94, low count 79
VLOG[1] (build-tree[5.5.709~1-75872]:main():build-tree.cc:143) For pdf-id 126, low count 2
VLOG[1] (build-tree[5.5.709~1-75872]:main():build-tree.cc:143) For pdf-id 163, low count 58
VLOG[1] (build-tree[5.5.709~1-75872]:main():build-tree.cc:143) For pdf-id 192, low count 29
VLOG[1] (build-tree[5.5.709~1-75872]:main():build-tree.cc:143) For pdf-id 196, low count 86
VLOG[1] (build-tree[5.5.709~1-75872]:main():build-tree.cc:143) For pdf-id 198, low count 57
VLOG[1] (build-tree[5.5.709~1-75872]:main():build-tree.cc:143) For pdf-id 205, low count 67
VLOG[1] (build-tree[5.5.709~1-75872]:main():build-tree.cc:143) For pdf-id 218, low count 24
VLOG[1] (build-tree[5.5.709~1-75872]:main():build-tree.cc:143) For pdf-id 243, low count 79
VLOG[1] (build-tree[5.5.709~1-75872]:main():build-tree.cc:143) For pdf-id 253, low count 90
VLOG[1] (build-tree[5.5.709~1-75872]:main():build-tree.cc:143) For pdf-id 263, low count 68
VLOG[1] (build-tree[5.5.709~1-75872]:main():build-tree.cc:143) For pdf-id 272, low count 69
VLOG[1] (build-tree[5.5.709~1-75872]:main():build-tree.cc:143) For pdf-id 281, low count 62
VLOG[1] (build-tree[5.5.709~1-75872]:main():build-tree.cc:143) For pdf-id 312, low count 85
VLOG[1] (build-tree[5.5.709~1-75872]:main():build-tree.cc:143) For pdf-id 324, low count 39
VLOG[1] (build-tree[5.5.709~1-75872]:main():build-tree.cc:143) For pdf-id 340, low count 74
VLOG[1] (build-tree[5.5.709~1-75872]:main():build-tree.cc:143) For pdf-id 367, low count 17
VLOG[1] (build-tree[5.5.709~1-75872]:main():build-tree.cc:143) For pdf-id 405, low count 78
VLOG[1] (build-tree[5.5.709~1-75872]:main():build-tree.cc:143) For pdf-id 414, low count 67
VLOG[1] (build-tree[5.5.709~1-75872]:main():build-tree.cc:143) For pdf-id 432, low count 31
VLOG[1] (build-tree[5.5.709~1-75872]:main():build-tree.cc:143) For pdf-id 435, low count 94
VLOG[1] (build-tree[5.5.709~1-75872]:main():build-tree.cc:143) For pdf-id 443, low count 93
VLOG[1] (build-tree[5.5.709~1-75872]:main():build-tree.cc:143) For pdf-id 449, low count 28
VLOG[1] (build-tree[5.5.709~1-75872]:main():build-tree.cc:143) For pdf-id 464, low count 96
VLOG[1] (build-tree[5.5.709~1-75872]:main():build-tree.cc:143) For pdf-id 475, low count 93
VLOG[1] (build-tree[5.5.709~1-75872]:main():build-tree.cc:143) For pdf-id 483, low count 34
VLOG[1] (build-tree[5.5.709~1-75872]:main():build-tree.cc:143) For pdf-id 494, low count 28
VLOG[1] (build-tree[5.5.709~1-75872]:main():build-tree.cc:143) For pdf-id 501, low count 84
VLOG[1] (build-tree[5.5.709~1-75872]:main():build-tree.cc:143) For pdf-id 525, low count 90
VLOG[1] (build-tree[5.5.709~1-75872]:main():build-tree.cc:143) For pdf-id 532, low count 71
VLOG[1] (build-tree[5.5.709~1-75872]:main():build-tree.cc:143) For pdf-id 549, low count 46
VLOG[1] (build-tree[5.5.709~1-75872]:main():build-tree.cc:143) For pdf-id 556, low count 67
VLOG[1] (build-tree[5.5.709~1-75872]:main():build-tree.cc:143) For pdf-id 557, low count 86
VLOG[1] (build-tree[5.5.709~1-75872]:main():build-tree.cc:143) For pdf-id 566, low count 69
VLOG[1] (build-tree[5.5.709~1-75872]:main():build-tree.cc:143) For pdf-id 567, low count 52
VLOG[1] (build-tree[5.5.709~1-75872]:main():build-tree.cc:143) For pdf-id 585, low count 95
VLOG[1] (build-tree[5.5.709~1-75872]:main():build-tree.cc:143) For pdf-id 592, low count 60
VLOG[1] (build-tree[5.5.709~1-75872]:main():build-tree.cc:143) For pdf-id 609, low count 61
VLOG[1] (build-tree[5.5.709~1-75872]:main():build-tree.cc:143) For pdf-id 610, low count 86
VLOG[1] (build-tree[5.5.709~1-75872]:main():build-tree.cc:143) For pdf-id 618, low count 67
VLOG[1] (build-tree[5.5.709~1-75872]:main():build-tree.cc:143) For pdf-id 633, low count 54
VLOG[1] (build-tree[5.5.709~1-75872]:main():build-tree.cc:143) For pdf-id 652, low count 7
VLOG[1] (build-tree[5.5.709~1-75872]:main():build-tree.cc:143) For pdf-id 668, low count 18
VLOG[1] (build-tree[5.5.709~1-75872]:main():build-tree.cc:143) For pdf-id 689, low count 30
VLOG[1] (build-tree[5.5.709~1-75872]:main():build-tree.cc:143) For pdf-id 692, low count 95
VLOG[1] (build-tree[5.5.709~1-75872]:main():build-tree.cc:143) For pdf-id 701, low count 57
VLOG[1] (build-tree[5.5.709~1-75872]:main():build-tree.cc:143) For pdf-id 702, low count 80
VLOG[1] (build-tree[5.5.709~1-75872]:main():build-tree.cc:143) For pdf-id 712, low count 84
VLOG[1] (build-tree[5.5.709~1-75872]:main():build-tree.cc:143) For pdf-id 720, low count 62
VLOG[1] (build-tree[5.5.709~1-75872]:main():build-tree.cc:143) For pdf-id 725, low count 69
VLOG[1] (build-tree[5.5.709~1-75872]:main():build-tree.cc:143) For pdf-id 743, low count 92
VLOG[1] (build-tree[5.5.709~1-75872]:main():build-tree.cc:143) For pdf-id 745, low count 78
VLOG[1] (build-tree[5.5.709~1-75872]:main():build-tree.cc:143) For pdf-id 772, low count 15
VLOG[1] (build-tree[5.5.709~1-75872]:main():build-tree.cc:143) For pdf-id 798, low count 98
VLOG[1] (build-tree[5.5.709~1-75872]:main():build-tree.cc:143) For pdf-id 883, low count 98
VLOG[1] (build-tree[5.5.709~1-75872]:main():build-tree.cc:143) For pdf-id 903, low count 92
VLOG[1] (build-tree[5.5.709~1-75872]:main():build-tree.cc:143) For pdf-id 934, low count 84
VLOG[1] (build-tree[5.5.709~1-75872]:main():build-tree.cc:143) For pdf-id 962, low count 19
VLOG[1] (build-tree[5.5.709~1-75872]:main():build-tree.cc:143) For pdf-id 990, low count 94
VLOG[1] (build-tree[5.5.709~1-75872]:main():build-tree.cc:143) For pdf-id 996, low count 93
VLOG[1] (build-tree[5.5.709~1-75872]:main():build-tree.cc:143) For pdf-id 1001, low count 41
VLOG[1] (build-tree[5.5.709~1-75872]:main():build-tree.cc:143) For pdf-id 1007, low count 73
VLOG[1] (build-tree[5.5.709~1-75872]:main():build-tree.cc:143) For pdf-id 1054, low count 99
VLOG[1] (build-tree[5.5.709~1-75872]:main():build-tree.cc:143) For pdf-id 1062, low count 35
VLOG[1] (build-tree[5.5.709~1-75872]:main():build-tree.cc:143) For pdf-id 1126, low count 10
VLOG[1] (build-tree[5.5.709~1-75872]:main():build-tree.cc:143) For pdf-id 1182, low count 98
WARNING (build-tree[5.5.709~1-75872]:main():build-tree.cc:185) Saw no stats for following phones: 2 3 4 5 6 7 8 9 14 22 28 30 36 38 39 40 42 46 50 54 58 62 66 70 71 74 78 80 82 86 90 95 98 106 114 118 122 130 135 138 142 143 154 
LOG (build-tree[5.5.709~1-75872]:main():build-tree.cc:189) Wrote tree
# Accounting: time=2 threads=1
# Ended (code 0) at Fri Jun 19 02:22:42 +03 2020, elapsed time 2 seconds
