# gmm-est --mix-up=3440 --power=0.25 --write-occs=exp/tri1/6.occs exp/tri1/5.mdl "gmm-sum-accs - exp/tri1/5.*.acc |" exp/tri1/6.mdl 
# Started at Fri Jun 19 02:22:52 +03 2020
#
gmm-est --mix-up=3440 --power=0.25 --write-occs=exp/tri1/6.occs exp/tri1/5.mdl 'gmm-sum-accs - exp/tri1/5.*.acc |' exp/tri1/6.mdl 
gmm-sum-accs - exp/tri1/5.1.acc 
LOG (gmm-sum-accs[5.5.709~1-75872]:main():gmm-sum-accs.cc:63) Summed 1 stats, total count 799069, avg like/frame -103.714
LOG (gmm-sum-accs[5.5.709~1-75872]:main():gmm-sum-accs.cc:66) Total count of stats is 799069
LOG (gmm-sum-accs[5.5.709~1-75872]:main():gmm-sum-accs.cc:67) Written stats to -
LOG (gmm-est[5.5.709~1-75872]:MleUpdate():transition-model.cc:528) TransitionModel::Update, objf change is 0 per frame over 799069 frames. 
LOG (gmm-est[5.5.709~1-75872]:MleUpdate():transition-model.cc:531) 27 probabilities floored, 2087 out of 4754 transition-states skipped due to insuffient data (it is normal to have some skipped.)
LOG (gmm-est[5.5.709~1-75872]:main():gmm-est.cc:102) Transition model update: Overall 0 log-like improvement per frame over 799069 frames.
WARNING (gmm-est[5.5.709~1-75872]:MleDiagGmmUpdate():mle-diag-gmm.cc:365) Gaussian has too little data but not removing it because it is the last Gaussian: i = 0, occ = 2, weight = 1
WARNING (gmm-est[5.5.709~1-75872]:MleDiagGmmUpdate():mle-diag-gmm.cc:365) Gaussian has too little data but not removing it because it is the last Gaussian: i = 0, occ = 7, weight = 1
WARNING (gmm-est[5.5.709~1-75872]:MleDiagGmmUpdate():mle-diag-gmm.cc:365) Gaussian has too little data but not removing it because it is the last Gaussian: i = 0, occ = 10, weight = 1
LOG (gmm-est[5.5.709~1-75872]:MleAmDiagGmmUpdate():mle-am-diag-gmm.cc:225) 0 variance elements floored in 0 Gaussians, out of 3080
LOG (gmm-est[5.5.709~1-75872]:MleAmDiagGmmUpdate():mle-am-diag-gmm.cc:229) Removed 0 Gaussians due to counts < --min-gaussian-occupancy=10 and --remove-low-count-gaussians=true
LOG (gmm-est[5.5.709~1-75872]:main():gmm-est.cc:113) GMM update: Overall 0.250057 objective function improvement per frame over 799069 frames
LOG (gmm-est[5.5.709~1-75872]:main():gmm-est.cc:116) GMM update: Overall avg like per frame = -103.714 over 799069 frames.
LOG (gmm-est[5.5.709~1-75872]:SplitByCount():am-diag-gmm.cc:116) Split 1192 states with target = 3440, power = 0.25, perturb_factor = 0.01 and min_count = 20, split #Gauss from 3080 to 3440
LOG (gmm-est[5.5.709~1-75872]:main():gmm-est.cc:146) Written model to exp/tri1/6.mdl
# Accounting: time=0 threads=1
# Ended (code 0) at Fri Jun 19 02:22:52 +03 2020, elapsed time 0 seconds
