# gmm-est --mix-up=11000 --power=0.25 --write-occs=exp/tri1/31.occs exp/tri1/30.mdl "gmm-sum-accs - exp/tri1/30.*.acc |" exp/tri1/31.mdl 
# Started at Fri Jun 19 02:24:07 +03 2020
#
gmm-est --mix-up=11000 --power=0.25 --write-occs=exp/tri1/31.occs exp/tri1/30.mdl 'gmm-sum-accs - exp/tri1/30.*.acc |' exp/tri1/31.mdl 
gmm-sum-accs - exp/tri1/30.1.acc 
LOG (gmm-sum-accs[5.5.709~1-75872]:main():gmm-sum-accs.cc:63) Summed 1 stats, total count 798008, avg like/frame -98.7636
LOG (gmm-sum-accs[5.5.709~1-75872]:main():gmm-sum-accs.cc:66) Total count of stats is 798008
LOG (gmm-sum-accs[5.5.709~1-75872]:main():gmm-sum-accs.cc:67) Written stats to -
LOG (gmm-est[5.5.709~1-75872]:MleUpdate():transition-model.cc:528) TransitionModel::Update, objf change is 0.000180813 per frame over 798008 frames. 
LOG (gmm-est[5.5.709~1-75872]:MleUpdate():transition-model.cc:531) 64 probabilities floored, 2101 out of 4754 transition-states skipped due to insuffient data (it is normal to have some skipped.)
LOG (gmm-est[5.5.709~1-75872]:main():gmm-est.cc:102) Transition model update: Overall 0.000180813 log-like improvement per frame over 798008 frames.
WARNING (gmm-est[5.5.709~1-75872]:MleDiagGmmUpdate():mle-diag-gmm.cc:365) Gaussian has too little data but not removing it because it is the last Gaussian: i = 0, occ = 6, weight = 1
WARNING (gmm-est[5.5.709~1-75872]:MleDiagGmmUpdate():mle-diag-gmm.cc:365) Gaussian has too little data but not removing it because it is the last Gaussian: i = 0, occ = 2, weight = 1
WARNING (gmm-est[5.5.709~1-75872]:MleDiagGmmUpdate():mle-diag-gmm.cc:359) Too little data - removing Gaussian (weight 0.066662, occupation count 8.999429, vector size 39)
WARNING (gmm-est[5.5.709~1-75872]:MleDiagGmmUpdate():mle-diag-gmm.cc:359) Too little data - removing Gaussian (weight 0.053649, occupation count 9.173933, vector size 39)
WARNING (gmm-est[5.5.709~1-75872]:MleDiagGmmUpdate():mle-diag-gmm.cc:365) Gaussian has too little data but not removing it because it is the last Gaussian: i = 0, occ = 7, weight = 1
WARNING (gmm-est[5.5.709~1-75872]:MleDiagGmmUpdate():mle-diag-gmm.cc:359) Too little data - removing Gaussian (weight 0.209453, occupation count 7.959232, vector size 39)
WARNING (gmm-est[5.5.709~1-75872]:MleDiagGmmUpdate():mle-diag-gmm.cc:365) Gaussian has too little data but not removing it because it is the last Gaussian: i = 0, occ = 2, weight = 1
WARNING (gmm-est[5.5.709~1-75872]:MleDiagGmmUpdate():mle-diag-gmm.cc:359) Too little data - removing Gaussian (weight 0.038504, occupation count 9.626021, vector size 39)
WARNING (gmm-est[5.5.709~1-75872]:MleDiagGmmUpdate():mle-diag-gmm.cc:365) Gaussian has too little data but not removing it because it is the last Gaussian: i = 0, occ = 10, weight = 1
WARNING (gmm-est[5.5.709~1-75872]:MleDiagGmmUpdate():mle-diag-gmm.cc:359) Too little data - removing Gaussian (weight 0.057662, occupation count 9.975498, vector size 39)
LOG (gmm-est[5.5.709~1-75872]:MleAmDiagGmmUpdate():mle-am-diag-gmm.cc:225) 0 variance elements floored in 0 Gaussians, out of 10997
LOG (gmm-est[5.5.709~1-75872]:MleAmDiagGmmUpdate():mle-am-diag-gmm.cc:229) Removed 5 Gaussians due to counts < --min-gaussian-occupancy=10 and --remove-low-count-gaussians=true
LOG (gmm-est[5.5.709~1-75872]:main():gmm-est.cc:113) GMM update: Overall 0.0765543 objective function improvement per frame over 798008 frames
LOG (gmm-est[5.5.709~1-75872]:main():gmm-est.cc:116) GMM update: Overall avg like per frame = -98.7636 over 798008 frames.
LOG (gmm-est[5.5.709~1-75872]:SplitByCount():am-diag-gmm.cc:116) Split 1192 states with target = 11000, power = 0.25, perturb_factor = 0.01 and min_count = 20, split #Gauss from 10997 to 11027
LOG (gmm-est[5.5.709~1-75872]:main():gmm-est.cc:146) Written model to exp/tri1/31.mdl
# Accounting: time=0 threads=1
# Ended (code 0) at Fri Jun 19 02:24:07 +03 2020, elapsed time 0 seconds
