# gmm-acc-stats-ali exp/mono/30.mdl "ark,s,cs:apply-cmvn  --utt2spk=ark:data/train/split1/1/utt2spk scp:data/train/split1/1/cmvn.scp scp:data/train/split1/1/feats.scp ark:- | add-deltas  ark:- ark:- |" "ark:gunzip -c exp/mono/ali.1.gz|" exp/mono/30.1.acc 
# Started at Fri Jun 19 02:21:24 +03 2020
#
gmm-acc-stats-ali exp/mono/30.mdl 'ark,s,cs:apply-cmvn  --utt2spk=ark:data/train/split1/1/utt2spk scp:data/train/split1/1/cmvn.scp scp:data/train/split1/1/feats.scp ark:- | add-deltas  ark:- ark:- |' 'ark:gunzip -c exp/mono/ali.1.gz|' exp/mono/30.1.acc 
apply-cmvn --utt2spk=ark:data/train/split1/1/utt2spk scp:data/train/split1/1/cmvn.scp scp:data/train/split1/1/feats.scp ark:- 
add-deltas ark:- ark:- 
LOG (gmm-acc-stats-ali[5.5.709~1-75872]:main():gmm-acc-stats-ali.cc:105) Processed 50 utterances; for utterance kaminski-165416_1050 avg. like is -101.916 over 157 frames.
LOG (gmm-acc-stats-ali[5.5.709~1-75872]:main():gmm-acc-stats-ali.cc:105) Processed 100 utterances; for utterance kaminski-165416_1100 avg. like is -96.6233 over 587 frames.
LOG (gmm-acc-stats-ali[5.5.709~1-75872]:main():gmm-acc-stats-ali.cc:105) Processed 150 utterances; for utterance kaminski-165416_1150 avg. like is -96.7971 over 570 frames.
LOG (gmm-acc-stats-ali[5.5.709~1-75872]:main():gmm-acc-stats-ali.cc:105) Processed 200 utterances; for utterance kaminski-165416_1200 avg. like is -99.8459 over 326 frames.
LOG (gmm-acc-stats-ali[5.5.709~1-75872]:main():gmm-acc-stats-ali.cc:105) Processed 250 utterances; for utterance kaminski-165416_1250 avg. like is -97.7664 over 538 frames.
LOG (gmm-acc-stats-ali[5.5.709~1-75872]:main():gmm-acc-stats-ali.cc:105) Processed 300 utterances; for utterance kaminski-165416_1300 avg. like is -96.8332 over 998 frames.
LOG (gmm-acc-stats-ali[5.5.709~1-75872]:main():gmm-acc-stats-ali.cc:105) Processed 350 utterances; for utterance kaminski-165416_1350 avg. like is -95.9028 over 782 frames.
LOG (gmm-acc-stats-ali[5.5.709~1-75872]:main():gmm-acc-stats-ali.cc:105) Processed 400 utterances; for utterance kuba-165097_1010 avg. like is -108.321 over 985 frames.
LOG (gmm-acc-stats-ali[5.5.709~1-75872]:main():gmm-acc-stats-ali.cc:105) Processed 450 utterances; for utterance kuba-165097_1060 avg. like is -109.608 over 249 frames.
LOG (gmm-acc-stats-ali[5.5.709~1-75872]:main():gmm-acc-stats-ali.cc:105) Processed 500 utterances; for utterance kuba-165097_1110 avg. like is -106.29 over 1978 frames.
LOG (gmm-acc-stats-ali[5.5.709~1-75872]:main():gmm-acc-stats-ali.cc:105) Processed 550 utterances; for utterance kuba-165097_1160 avg. like is -101.763 over 454 frames.
LOG (gmm-acc-stats-ali[5.5.709~1-75872]:main():gmm-acc-stats-ali.cc:105) Processed 600 utterances; for utterance kuba-165097_1210 avg. like is -108.259 over 556 frames.
LOG (gmm-acc-stats-ali[5.5.709~1-75872]:main():gmm-acc-stats-ali.cc:105) Processed 650 utterances; for utterance kuba-165097_1260 avg. like is -105.149 over 317 frames.
LOG (gmm-acc-stats-ali[5.5.709~1-75872]:main():gmm-acc-stats-ali.cc:105) Processed 700 utterances; for utterance kuba-165097_1309 avg. like is -105.708 over 691 frames.
LOG (gmm-acc-stats-ali[5.5.709~1-75872]:main():gmm-acc-stats-ali.cc:105) Processed 750 utterances; for utterance kuba-165097_1359 avg. like is -108.415 over 134 frames.
LOG (gmm-acc-stats-ali[5.5.709~1-75872]:main():gmm-acc-stats-ali.cc:105) Processed 800 utterances; for utterance kuba-165097_1409 avg. like is -108.909 over 793 frames.
LOG (gmm-acc-stats-ali[5.5.709~1-75872]:main():gmm-acc-stats-ali.cc:105) Processed 850 utterances; for utterance kuba-165097_1459 avg. like is -107.476 over 357 frames.
LOG (gmm-acc-stats-ali[5.5.709~1-75872]:main():gmm-acc-stats-ali.cc:105) Processed 900 utterances; for utterance mankevich-183940_2509 avg. like is -107.477 over 300 frames.
LOG (gmm-acc-stats-ali[5.5.709~1-75872]:main():gmm-acc-stats-ali.cc:105) Processed 950 utterances; for utterance mankevich-183940_2559 avg. like is -94.7802 over 185 frames.
LOG (gmm-acc-stats-ali[5.5.709~1-75872]:main():gmm-acc-stats-ali.cc:105) Processed 1000 utterances; for utterance mankevich-183940_2609 avg. like is -100.548 over 1146 frames.
LOG (gmm-acc-stats-ali[5.5.709~1-75872]:main():gmm-acc-stats-ali.cc:105) Processed 1050 utterances; for utterance mankevich-183940_2659 avg. like is -100.896 over 446 frames.
LOG (gmm-acc-stats-ali[5.5.709~1-75872]:main():gmm-acc-stats-ali.cc:105) Processed 1100 utterances; for utterance mankevich-183940_2709 avg. like is -101.705 over 271 frames.
LOG (gmm-acc-stats-ali[5.5.709~1-75872]:main():gmm-acc-stats-ali.cc:105) Processed 1150 utterances; for utterance mankevich-183940_2759 avg. like is -106.702 over 443 frames.
LOG (gmm-acc-stats-ali[5.5.709~1-75872]:main():gmm-acc-stats-ali.cc:105) Processed 1200 utterances; for utterance mankevich-183940_2809 avg. like is -103.605 over 1272 frames.
LOG (gmm-acc-stats-ali[5.5.709~1-75872]:main():gmm-acc-stats-ali.cc:105) Processed 1250 utterances; for utterance mankevich-183940_2859 avg. like is -108.765 over 294 frames.
LOG (gmm-acc-stats-ali[5.5.709~1-75872]:main():gmm-acc-stats-ali.cc:105) Processed 1300 utterances; for utterance mankevich-183940_2909 avg. like is -101.162 over 651 frames.
LOG (gmm-acc-stats-ali[5.5.709~1-75872]:main():gmm-acc-stats-ali.cc:105) Processed 1350 utterances; for utterance mankevich-183940_2959 avg. like is -99.1193 over 863 frames.
LOG (apply-cmvn[5.5.709~1-75872]:main():apply-cmvn.cc:162) Applied cepstral mean normalization to 1381 utterances, errors on 0
LOG (gmm-acc-stats-ali[5.5.709~1-75872]:main():gmm-acc-stats-ali.cc:112) Done 1381 files, 0 with errors.
LOG (gmm-acc-stats-ali[5.5.709~1-75872]:main():gmm-acc-stats-ali.cc:115) Overall avg like per frame (Gaussian only) = -102.64 over 799069 frames.
LOG (gmm-acc-stats-ali[5.5.709~1-75872]:main():gmm-acc-stats-ali.cc:123) Written accs.
# Accounting: time=2 threads=1
# Ended (code 0) at Fri Jun 19 02:21:26 +03 2020, elapsed time 2 seconds
