# gmm-est --write-occs=exp/mono/17.occs --mix-up=553 --power=0.25 exp/mono/16.mdl "gmm-sum-accs - exp/mono/16.*.acc|" exp/mono/17.mdl 
# Started at Fri Jun 19 02:20:17 +03 2020
#
gmm-est --write-occs=exp/mono/17.occs --mix-up=553 --power=0.25 exp/mono/16.mdl 'gmm-sum-accs - exp/mono/16.*.acc|' exp/mono/17.mdl 
gmm-sum-accs - exp/mono/16.1.acc 
LOG (gmm-sum-accs[5.5.709~1-75872]:main():gmm-sum-accs.cc:63) Summed 1 stats, total count 799069, avg like/frame -103.923
LOG (gmm-sum-accs[5.5.709~1-75872]:main():gmm-sum-accs.cc:66) Total count of stats is 799069
LOG (gmm-sum-accs[5.5.709~1-75872]:main():gmm-sum-accs.cc:67) Written stats to -
LOG (gmm-est[5.5.709~1-75872]:MleUpdate():transition-model.cc:528) TransitionModel::Update, objf change is 0.000340171 per frame over 799069 frames. 
LOG (gmm-est[5.5.709~1-75872]:MleUpdate():transition-model.cc:531) 11 probabilities floored, 154 out of 482 transition-states skipped due to insuffient data (it is normal to have some skipped.)
LOG (gmm-est[5.5.709~1-75872]:main():gmm-est.cc:102) Transition model update: Overall 0.000340171 log-like improvement per frame over 799069 frames.
WARNING (gmm-est[5.5.709~1-75872]:MleDiagGmmUpdate():mle-diag-gmm.cc:365) Gaussian has too little data but not removing it because it is the last Gaussian: i = 0, occ = 7, weight = 1
WARNING (gmm-est[5.5.709~1-75872]:MleDiagGmmUpdate():mle-diag-gmm.cc:365) Gaussian has too little data but not removing it because it is the last Gaussian: i = 0, occ = 9, weight = 1
WARNING (gmm-est[5.5.709~1-75872]:MleDiagGmmUpdate():mle-diag-gmm.cc:365) Gaussian has too little data but not removing it because it is the last Gaussian: i = 0, occ = 6, weight = 1
LOG (gmm-est[5.5.709~1-75872]:MleAmDiagGmmUpdate():mle-am-diag-gmm.cc:225) 0 variance elements floored in 0 Gaussians, out of 524
LOG (gmm-est[5.5.709~1-75872]:MleAmDiagGmmUpdate():mle-am-diag-gmm.cc:229) Removed 0 Gaussians due to counts < --min-gaussian-occupancy=10 and --remove-low-count-gaussians=true
LOG (gmm-est[5.5.709~1-75872]:main():gmm-est.cc:113) GMM update: Overall 0.076184 objective function improvement per frame over 799069 frames
LOG (gmm-est[5.5.709~1-75872]:main():gmm-est.cc:116) GMM update: Overall avg like per frame = -103.923 over 799069 frames.
LOG (gmm-est[5.5.709~1-75872]:SplitByCount():am-diag-gmm.cc:116) Split 118 states with target = 553, power = 0.25, perturb_factor = 0.01 and min_count = 20, split #Gauss from 524 to 553
LOG (gmm-est[5.5.709~1-75872]:main():gmm-est.cc:146) Written model to exp/mono/17.mdl
# Accounting: time=0 threads=1
# Ended (code 0) at Fri Jun 19 02:20:17 +03 2020, elapsed time 0 seconds
